Build started 8/21/2015 7:53:16 PM.
     1>Project "F:\Konstantce\Projects\VolgaCTF2015Finals\VolgaCTF2015Finals\VolgaCTF2015Finals.vcxproj" on node 2 (Build target(s)).
     1>Build:
         "F:\VisualGDB\\VisualGDB.exe" /build "F:\Konstantce\Projects\VolgaCTF2015Finals\VolgaCTF2015Finals\VolgaCTF2015Finals.vcxproj" "/solution:F:\Konstantce\Projects\VolgaCTF2015Finals\VolgaCTF2015Finals.sln" "/config:Release" "/platform:Win32"
         VisualGDB: Sending 1 updated source file to build machine...
         VisualGDB: Run "make CONFIG=Release" in directory "/home/konstantce/VisualGDB" on konstantce@192.168.56.101 (SSH)
         gcc -ggdb -ffunction-sections -O3   -DNDEBUG -DRELEASE  -s -Wl,--strip-all -I"Release/include/"  -std=c99 -D_XOPEN_SOURCE=600 -Wno-unused-result  -D NDEBUG -fno-asynchronous-unwind-tables -D_FORTIFY_SOURCE=0 -c cmd_parser.c -o Release/cmd_parser.o -MD -MF Release/cmd_parser.dep
     1>F:\Konstantce\Projects\VolgaCTF2015Finals\VolgaCTF2015Finals\<command-line> : warning : "_FORTIFY_SOURCE" redefined [enabled by default]
         F:\Konstantce\Projects\VolgaCTF2015Finals\VolgaCTF2015Finals\cmd_parser.c(1,0): note:  this is the location of the previous definition
          #include "ftp.h"
          ^
         gcc -ggdb -ffunction-sections -O3   -DNDEBUG -DRELEASE  -s -Wl,--strip-all -I"Release/include/"  -std=c99 -D_XOPEN_SOURCE=600 -Wno-unused-result  -D NDEBUG -fno-asynchronous-unwind-tables -D_FORTIFY_SOURCE=0 -c crypto.c -o Release/crypto.o -MD -MF Release/crypto.dep
     1>F:\Konstantce\Projects\VolgaCTF2015Finals\VolgaCTF2015Finals\<command-line> : warning : "_FORTIFY_SOURCE" redefined [enabled by default]
         F:\Konstantce\Projects\VolgaCTF2015Finals\VolgaCTF2015Finals\crypto.c(1,0): note:  this is the location of the previous definition
          #include "ftp.h"
          ^
         gcc -ggdb -ffunction-sections -O3   -DNDEBUG -DRELEASE  -s -Wl,--strip-all -I"Release/include/"  -std=c99 -D_XOPEN_SOURCE=600 -Wno-unused-result  -D NDEBUG -fno-asynchronous-unwind-tables -D_FORTIFY_SOURCE=0 -c Fileutils.c -o Release/Fileutils.o -MD -MF Release/Fileutils.dep
     1>F:\Konstantce\Projects\VolgaCTF2015Finals\VolgaCTF2015Finals\<command-line> : warning : "_FORTIFY_SOURCE" redefined [enabled by default]
         F:\Konstantce\Projects\VolgaCTF2015Finals\VolgaCTF2015Finals\Fileutils.c(1,0): note:  this is the location of the previous definition
          #include "ftp.h"
          ^
         gcc -ggdb -ffunction-sections -O3   -DNDEBUG -DRELEASE  -s -Wl,--strip-all -I"Release/include/"  -std=c99 -D_XOPEN_SOURCE=600 -Wno-unused-result  -D NDEBUG -fno-asynchronous-unwind-tables -D_FORTIFY_SOURCE=0 -c connections.c -o Release/connections.o -MD -MF Release/connections.dep
     1>F:\Konstantce\Projects\VolgaCTF2015Finals\VolgaCTF2015Finals\<command-line> : warning : "_FORTIFY_SOURCE" redefined [enabled by default]
         F:\Konstantce\Projects\VolgaCTF2015Finals\VolgaCTF2015Finals\connections.c(1,0): note:  this is the location of the previous definition
          #include "ftp.h"
          ^
         gcc -ggdb -ffunction-sections -O3   -DNDEBUG -DRELEASE  -s -Wl,--strip-all -I"Release/include/"  -std=c99 -D_XOPEN_SOURCE=600 -Wno-unused-result  -D NDEBUG -fno-asynchronous-unwind-tables -D_FORTIFY_SOURCE=0 -c main.c -o Release/main.o -MD -MF Release/main.dep
     1>F:\Konstantce\Projects\VolgaCTF2015Finals\VolgaCTF2015Finals\<command-line> : warning : "_FORTIFY_SOURCE" redefined [enabled by default]
         F:\Konstantce\Projects\VolgaCTF2015Finals\VolgaCTF2015Finals\main.c(1,0): note:  this is the location of the previous definition
          #include "ftp.h"
          ^
         g++ -o Release/VolgaCTF2015Finals -Wl,-gc-sections    -Wl,--start-group Release/cmd_parser.o Release/crypto.o Release/Fileutils.o Release/connections.o Release/main.o   -LRelease/libs/ -lssl -lcrypto -lscrypt  -Wl,--rpath='./libs'  -Wl,--end-group
         find . -type f -name '*.o' -delete -or -name '*.dep' -delete
     1>Done Building Project "F:\Konstantce\Projects\VolgaCTF2015Finals\VolgaCTF2015Finals\VolgaCTF2015Finals.vcxproj" (Build target(s)).

Build succeeded.

Time Elapsed 00:00:03.24
